[13:21:14] [Client thread/INFO]: Setting user: Player421
[13:21:21] [Client thread/INFO]: LWJGL Version: 2.9.1
[13:21:32] [Client thread/INFO]: Reloading ResourceManager: Default, FMLFileResourcePack:Forge Mod Loader, FMLFileResourcePack:Minecraft Forge, FMLFileResourcePack:Nuke Block Mod
[13:21:33] [Sound Library Loader/INFO]: Starting up SoundSystem...
[13:21:34] [Thread-7/INFO]: Initializing LWJGL OpenAL
[13:21:34] [Thread-7/INFO]: (The LWJGL binding of OpenAL.  For more information, see http://www.lwjgl.org)
[13:21:34] [Thread-7/INFO]: OpenAL initialized.
[13:21:34] [Sound Library Loader/INFO]: Sound engine started
[13:21:39] [Client thread/INFO]: Created: 512x512 textures-atlas
[13:21:41] [Client thread/INFO]: Reloading ResourceManager: Default, FMLFileResourcePack:Forge Mod Loader, FMLFileResourcePack:Minecraft Forge, FMLFileResourcePack:Nuke Block Mod
[13:21:41] [Client thread/INFO]: SoundSystem shutting down...
[13:21:41] [Client thread/WARN]: Author: Paul Lamb, www.paulscode.com
[13:21:41] [Sound Library Loader/INFO]: Starting up SoundSystem...
[13:21:41] [Thread-9/INFO]: Initializing LWJGL OpenAL
[13:21:41] [Thread-9/INFO]: (The LWJGL binding of OpenAL.  For more information, see http://www.lwjgl.org)
[13:21:42] [Thread-9/INFO]: OpenAL initialized.
[13:21:42] [Sound Library Loader/INFO]: Sound engine started
[13:21:45] [Client thread/INFO]: Created: 512x512 textures-atlas
[13:21:55] [Client thread/INFO]: Deleting level New World
[13:21:55] [Client thread/INFO]: Attempt 1...
[13:22:02] [Server thread/INFO]: Starting integrated minecraft server version 1.8
[13:22:02] [Server thread/INFO]: Generating keypair
[13:22:02] [Server thread/INFO]: Converting map!
[13:22:02] [Server thread/INFO]: Scanning folders...
[13:22:02] [Server thread/INFO]: Total conversion count is 0
[13:22:03] [Server thread/WARN]: Unable to find spawn biome
[13:22:04] [Server thread/INFO]: Preparing start region for level 0
[13:22:05] [Server thread/INFO]: Preparing spawn area: 5%
[13:22:06] [Server thread/INFO]: Preparing spawn area: 9%
[13:22:07] [Server thread/INFO]: Preparing spawn area: 13%
[13:22:08] [Server thread/INFO]: Preparing spawn area: 17%
[13:22:09] [Server thread/INFO]: Preparing spawn area: 21%
[13:22:10] [Server thread/INFO]: Preparing spawn area: 26%
[13:22:11] [Server thread/INFO]: Preparing spawn area: 32%
[13:22:12] [Server thread/INFO]: Preparing spawn area: 37%
[13:22:13] [Server thread/INFO]: Preparing spawn area: 43%
[13:22:14] [Server thread/INFO]: Preparing spawn area: 49%
[13:22:15] [Server thread/INFO]: Preparing spawn area: 56%
[13:22:16] [Server thread/INFO]: Preparing spawn area: 61%
[13:22:17] [Server thread/INFO]: Preparing spawn area: 68%
[13:22:18] [Server thread/INFO]: Preparing spawn area: 76%
[13:22:19] [Server thread/INFO]: Preparing spawn area: 85%
[13:22:20] [Server thread/INFO]: Preparing spawn area: 93%
[13:22:21] [Server thread/INFO]: Changing view distance to 12, from 10
[13:22:23] [Server thread/INFO]: Player421[local:E:361331b7] logged in with entity id 347 at (28.5, 64.0, -268.5)
[13:22:23] [Server thread/INFO]: Player421 joined the game
[13:22:26] [Server thread/WARN]: Can't keep up! Did the system time change, or is the server overloaded? Running 2988ms behind, skipping 59 tick(s)
[13:22:41] [Server thread/INFO]: Player421 has just earned the achievement [Taking Inventory]
[13:22:41] [Client thread/INFO]: [CHAT] Player421 has just earned the achievement [Taking Inventory]
[13:22:42] [Server thread/WARN]: Can't keep up! Did the system time change, or is the server overloaded? Running 3035ms behind, skipping 60 tick(s)
[13:25:18] [Server thread/INFO]: Saving and pausing game...
[13:25:18] [Server thread/INFO]: Saving chunks for level 'New World'/Overworld
[13:25:18] [Server thread/INFO]: Saving chunks for level 'New World'/Nether
[13:25:18] [Server thread/INFO]: Saving chunks for level 'New World'/The End
[13:25:19] [Server thread/INFO]: Stopping server
[13:25:19] [Server thread/INFO]: Saving players
[13:25:19] [Server thread/INFO]: Saving worlds
[13:25:19] [Server thread/INFO]: Saving chunks for level 'New World'/Overworld
[13:25:19] [Server thread/INFO]: Saving chunks for level 'New World'/Nether
[13:25:19] [Server thread/INFO]: Saving chunks for level 'New World'/The End
[13:25:23] [Client thread/INFO]: Stopping!
[13:25:23] [Client thread/INFO]: SoundSystem shutting down...
[13:25:23] [Client thread/WARN]: Author: Paul Lamb, www.paulscode.com
